<?xml version="1.0" encoding="UTF-8"?>
<!-- Generated by org.testng.reporters.JUnitReportReporter -->
<testsuite skipped="0" hostname="LAPTOP-T2OF0V04" name="com.states.texas.base.BaseChromeDriver" tests="1" failures="0" timestamp="26 Jan 2019 21:00:06 GMT" time="3.880" errors="0">
  <testcase name="testbaseclass" time="3.880" classname="com.states.texas.base.BaseChromeDriver"/>
</testsuite> <!-- com.states.texas.base.BaseChromeDriver -->
