<?xml version="1.0" encoding="UTF-8"?>
<!-- Generated by org.testng.reporters.JUnitReportReporter -->
<testsuite skipped="0" hostname="LAPTOP-T2OF0V04" name="com.states.texas.SampleTestNG" tests="2" failures="0" timestamp="26 Jan 2019 20:17:32 GMT" time="0.010" errors="0">
  <testcase name="f" time="0.007" classname="com.states.texas.SampleTestNG"/>
  <testcase name="f1" time="0.003" classname="com.states.texas.SampleTestNG"/>
</testsuite> <!-- com.states.texas.SampleTestNG -->
