<?xml version="1.0" encoding="UTF-8"?>
<!-- Generated by org.testng.reporters.JUnitReportReporter -->
<testsuite skipped="0" hostname="LAPTOP-T2OF0V04" name="com.states.texas.CalculatorTest3" tests="12" failures="0" timestamp="27 Jan 2019 20:12:40 GMT" time="0.035" errors="0">
  <testcase name="additionTest" time="0.003" classname="com.states.texas.CalculatorTest3"/>
  <testcase name="additionTest" time="0.002" classname="com.states.texas.CalculatorTest3"/>
  <testcase name="additionTest" time="0.012" classname="com.states.texas.CalculatorTest3"/>
  <testcase name="substractionTest" time="0.001" classname="com.states.texas.CalculatorTest3"/>
  <testcase name="substractionTest" time="0.003" classname="com.states.texas.CalculatorTest3"/>
  <testcase name="substractionTest" time="0.002" classname="com.states.texas.CalculatorTest3"/>
  <testcase name="multiplicationTest" time="0.002" classname="com.states.texas.CalculatorTest3"/>
  <testcase name="multiplicationTest" time="0.004" classname="com.states.texas.CalculatorTest3"/>
  <testcase name="multiplicationTest" time="0.001" classname="com.states.texas.CalculatorTest3"/>
  <testcase name="divisionTest" time="0.002" classname="com.states.texas.CalculatorTest3"/>
  <testcase name="divisionTest" time="0.002" classname="com.states.texas.CalculatorTest3"/>
  <testcase name="divisionTest" time="0.001" classname="com.states.texas.CalculatorTest3"/>
</testsuite> <!-- com.states.texas.CalculatorTest3 -->
