<?xml version="1.0" encoding="UTF-8"?>
<!-- Generated by org.testng.reporters.JUnitReportReporter -->
<testsuite skipped="0" hostname="LAPTOP-T2OF0V04" name="com.states.texas.ui.UIPluralSightTest" tests="1" failures="0" timestamp="26 Jan 2019 21:25:46 GMT" time="13.978" errors="0">
  <testcase name="loginSite" time="13.978" classname="com.states.texas.ui.UIPluralSightTest"/>
</testsuite> <!-- com.states.texas.ui.UIPluralSightTest -->
