<?xml version="1.0" encoding="UTF-8"?>
<!-- Generated by org.testng.reporters.JUnitReportReporter -->
<testsuite skipped="0" hostname="LAPTOP-T2OF0V04" name="com.states.texas.framwork.FacebookLoginDDFUsingDataProviderTest" tests="3" failures="0" timestamp="27 Jan 2019 20:29:09 GMT" time="39.153" errors="0">
  <testcase name="loginSiteDDF" time="10.725" classname="com.states.texas.framwork.FacebookLoginDDFUsingDataProviderTest"/>
  <testcase name="loginSiteDDF" time="10.707" classname="com.states.texas.framwork.FacebookLoginDDFUsingDataProviderTest"/>
  <testcase name="loginSiteDDF" time="17.721" classname="com.states.texas.framwork.FacebookLoginDDFUsingDataProviderTest"/>
</testsuite> <!-- com.states.texas.framwork.FacebookLoginDDFUsingDataProviderTest -->
