<?xml version="1.0" encoding="UTF-8"?>
<!-- Generated by org.testng.reporters.JUnitReportReporter -->
<testsuite skipped="0" hostname="LAPTOP-T2OF0V04" name="com.states.texas.CalculatorTest" tests="4" failures="0" timestamp="26 Jan 2019 19:29:13 GMT" time="0.034" errors="0">
  <testcase name="additionTest" time="0.030" classname="com.states.texas.CalculatorTest"/>
  <testcase name="substractionTest" time="0.001" classname="com.states.texas.CalculatorTest"/>
  <testcase name="multiplicationTest" time="0.001" classname="com.states.texas.CalculatorTest"/>
  <testcase name="divisionTest" time="0.002" classname="com.states.texas.CalculatorTest"/>
</testsuite> <!-- com.states.texas.CalculatorTest -->
