<?xml version="1.0" encoding="UTF-8"?>
<!-- Generated by org.testng.reporters.JUnitReportReporter -->
<testsuite skipped="0" hostname="LAPTOP-T2OF0V04" name="com.states.texas.api.RestApiTest" tests="1" failures="0" timestamp="27 Jan 2019 04:48:36 GMT" time="1.070" errors="0">
  <testcase name="restServiceVerificationTest" time="1.070" classname="com.states.texas.api.RestApiTest"/>
</testsuite> <!-- com.states.texas.api.RestApiTest -->
