<?xml version="1.0" encoding="UTF-8"?>
<!-- Generated by org.testng.reporters.JUnitReportReporter -->
<testsuite skipped="0" hostname="LAPTOP-T2OF0V04" name="com.states.texas.CalculatorTest1" tests="4" failures="0" timestamp="26 Jan 2019 20:40:23 GMT" time="0.021" errors="0">
  <testcase name="additionTest" time="0.011" classname="com.states.texas.CalculatorTest1"/>
  <testcase name="substractionTest" time="0.001" classname="com.states.texas.CalculatorTest1"/>
  <testcase name="multiplicationTest" time="0.002" classname="com.states.texas.CalculatorTest1"/>
  <testcase name="divisionTest" time="0.007" classname="com.states.texas.CalculatorTest1"/>
</testsuite> <!-- com.states.texas.CalculatorTest1 -->
