<?xml version="1.0" encoding="UTF-8"?>
<!-- Generated by org.testng.reporters.JUnitReportReporter -->
<testsuite skipped="0" hostname="LAPTOP-T2OF0V04" name="com.states.texas.framwork.FacebookLoginDDFTest" tests="1" failures="0" timestamp="27 Jan 2019 20:15:21 GMT" time="28.846" errors="0">
  <testcase name="loginSiteDDF" time="28.846" classname="com.states.texas.framwork.FacebookLoginDDFTest"/>
</testsuite> <!-- com.states.texas.framwork.FacebookLoginDDFTest -->
