<?xml version="1.0" encoding="UTF-8"?>
<!-- Generated by org.testng.reporters.JUnitReportReporter -->
<testsuite skipped="0" hostname="LAPTOP-T2OF0V04" name="com.states.texas.CalculatorTest2" tests="4" failures="0" timestamp="26 Jan 2019 20:53:28 GMT" time="0.047" errors="0">
  <testcase name="additionTest" time="0.032" classname="com.states.texas.CalculatorTest2"/>
  <testcase name="substractionTest" time="0.006" classname="com.states.texas.CalculatorTest2"/>
  <testcase name="multiplicationTest" time="0.004" classname="com.states.texas.CalculatorTest2"/>
  <testcase name="divisionTest" time="0.005" classname="com.states.texas.CalculatorTest2"/>
</testsuite> <!-- com.states.texas.CalculatorTest2 -->
